{"/Users/krishnadas/Desktop/opensource/JSONQuery/index.ts": {"path":"/Users/krishnadas/Desktop/opensource/JSONQuery/index.ts","all":false,"statementMap":{"0":{"start":{"line":1,"column":0},"end":{"line":1,"column":31}},"1":{"start":{"line":2,"column":0},"end":{"line":2,"column":63}},"2":{"start":{"line":3,"column":0},"end":{"line":3,"column":34}},"3":{"start":{"line":4,"column":0},"end":{"line":4,"column":20}},"4":{"start":{"line":5,"column":0},"end":{"line":5,"column":27}},"5":{"start":{"line":6,"column":0},"end":{"line":6,"column":35}},"6":{"start":{"line":7,"column":0},"end":{"line":7,"column":24}},"7":{"start":{"line":8,"column":0},"end":{"line":8,"column":5}},"8":{"start":{"line":9,"column":0},"end":{"line":9,"column":0}},"9":{"start":{"line":10,"column":0},"end":{"line":10,"column":23}},"10":{"start":{"line":11,"column":0},"end":{"line":11,"column":26}},"11":{"start":{"line":12,"column":0},"end":{"line":12,"column":5}},"12":{"start":{"line":13,"column":0},"end":{"line":13,"column":52}},"13":{"start":{"line":14,"column":0},"end":{"line":14,"column":55}},"14":{"start":{"line":15,"column":0},"end":{"line":15,"column":35}},"15":{"start":{"line":16,"column":0},"end":{"line":16,"column":23}},"16":{"start":{"line":17,"column":0},"end":{"line":17,"column":9}},"17":{"start":{"line":18,"column":0},"end":{"line":18,"column":28}},"18":{"start":{"line":19,"column":0},"end":{"line":19,"column":52}},"19":{"start":{"line":20,"column":0},"end":{"line":20,"column":43}},"20":{"start":{"line":21,"column":0},"end":{"line":21,"column":81}},"21":{"start":{"line":22,"column":0},"end":{"line":22,"column":13}},"22":{"start":{"line":23,"column":0},"end":{"line":23,"column":49}},"23":{"start":{"line":24,"column":0},"end":{"line":24,"column":10}},"24":{"start":{"line":25,"column":0},"end":{"line":25,"column":19}},"25":{"start":{"line":26,"column":0},"end":{"line":26,"column":5}},"26":{"start":{"line":27,"column":0},"end":{"line":27,"column":23}},"27":{"start":{"line":28,"column":0},"end":{"line":28,"column":42}},"28":{"start":{"line":29,"column":0},"end":{"line":29,"column":53}},"29":{"start":{"line":30,"column":0},"end":{"line":30,"column":9}},"30":{"start":{"line":31,"column":0},"end":{"line":31,"column":19}},"31":{"start":{"line":32,"column":0},"end":{"line":32,"column":5}},"32":{"start":{"line":33,"column":0},"end":{"line":33,"column":78}},"33":{"start":{"line":34,"column":0},"end":{"line":34,"column":47}},"34":{"start":{"line":35,"column":0},"end":{"line":35,"column":36}},"35":{"start":{"line":36,"column":0},"end":{"line":36,"column":59}},"36":{"start":{"line":37,"column":0},"end":{"line":37,"column":42}},"37":{"start":{"line":38,"column":0},"end":{"line":38,"column":58}},"38":{"start":{"line":39,"column":0},"end":{"line":39,"column":42}},"39":{"start":{"line":40,"column":0},"end":{"line":40,"column":58}},"40":{"start":{"line":41,"column":0},"end":{"line":41,"column":43}},"41":{"start":{"line":42,"column":0},"end":{"line":42,"column":59}},"42":{"start":{"line":43,"column":0},"end":{"line":43,"column":43}},"43":{"start":{"line":44,"column":0},"end":{"line":44,"column":59}},"44":{"start":{"line":45,"column":0},"end":{"line":45,"column":43}},"45":{"start":{"line":46,"column":0},"end":{"line":46,"column":59}},"46":{"start":{"line":47,"column":0},"end":{"line":47,"column":13}},"47":{"start":{"line":48,"column":0},"end":{"line":48,"column":0}},"48":{"start":{"line":49,"column":0},"end":{"line":49,"column":10}},"49":{"start":{"line":50,"column":0},"end":{"line":50,"column":19}},"50":{"start":{"line":51,"column":0},"end":{"line":51,"column":5}},"51":{"start":{"line":52,"column":0},"end":{"line":52,"column":59}},"52":{"start":{"line":53,"column":0},"end":{"line":53,"column":48}},"53":{"start":{"line":54,"column":0},"end":{"line":54,"column":54}},"54":{"start":{"line":55,"column":0},"end":{"line":55,"column":109}},"55":{"start":{"line":56,"column":0},"end":{"line":56,"column":109}},"56":{"start":{"line":57,"column":0},"end":{"line":57,"column":36}},"57":{"start":{"line":58,"column":0},"end":{"line":58,"column":29}},"58":{"start":{"line":59,"column":0},"end":{"line":59,"column":17}},"59":{"start":{"line":60,"column":0},"end":{"line":60,"column":36}},"60":{"start":{"line":61,"column":0},"end":{"line":61,"column":28}},"61":{"start":{"line":62,"column":0},"end":{"line":62,"column":17}},"62":{"start":{"line":63,"column":0},"end":{"line":63,"column":25}},"63":{"start":{"line":64,"column":0},"end":{"line":64,"column":14}},"64":{"start":{"line":65,"column":0},"end":{"line":65,"column":56}},"65":{"start":{"line":66,"column":0},"end":{"line":66,"column":54}},"66":{"start":{"line":67,"column":0},"end":{"line":67,"column":109}},"67":{"start":{"line":68,"column":0},"end":{"line":68,"column":109}},"68":{"start":{"line":69,"column":0},"end":{"line":69,"column":36}},"69":{"start":{"line":70,"column":0},"end":{"line":70,"column":29}},"70":{"start":{"line":71,"column":0},"end":{"line":71,"column":17}},"71":{"start":{"line":72,"column":0},"end":{"line":72,"column":36}},"72":{"start":{"line":73,"column":0},"end":{"line":73,"column":30}},"73":{"start":{"line":74,"column":0},"end":{"line":74,"column":17}},"74":{"start":{"line":75,"column":0},"end":{"line":75,"column":0}},"75":{"start":{"line":76,"column":0},"end":{"line":76,"column":38}},"76":{"start":{"line":77,"column":0},"end":{"line":77,"column":25}},"77":{"start":{"line":78,"column":0},"end":{"line":78,"column":14}},"78":{"start":{"line":79,"column":0},"end":{"line":79,"column":9}},"79":{"start":{"line":80,"column":0},"end":{"line":80,"column":19}},"80":{"start":{"line":81,"column":0},"end":{"line":81,"column":0}},"81":{"start":{"line":82,"column":0},"end":{"line":82,"column":0}},"82":{"start":{"line":83,"column":0},"end":{"line":83,"column":5}},"83":{"start":{"line":84,"column":0},"end":{"line":84,"column":1}},"84":{"start":{"line":85,"column":0},"end":{"line":85,"column":0}},"85":{"start":{"line":86,"column":0},"end":{"line":86,"column":18}},"86":{"start":{"line":87,"column":0},"end":{"line":87,"column":24}},"87":{"start":{"line":88,"column":0},"end":{"line":88,"column":1}}},"s":{"0":1,"1":1,"2":1,"3":1,"4":1,"5":1,"6":10,"7":10,"8":1,"9":1,"10":10,"11":10,"12":1,"13":10,"14":1,"15":1,"16":1,"17":9,"18":54,"19":54,"20":162,"21":162,"22":54,"23":9,"24":9,"25":9,"26":1,"27":3,"28":3,"29":3,"30":3,"31":3,"32":1,"33":6,"34":36,"35":6,"36":36,"37":6,"38":30,"39":6,"40":24,"41":6,"42":18,"43":6,"44":6,"45":6,"46":6,"47":36,"48":6,"49":6,"50":6,"51":1,"52":2,"53":1,"54":10,"55":10,"56":10,"57":2,"58":2,"59":10,"60":7,"61":7,"62":1,"63":1,"64":1,"65":1,"66":12,"67":12,"68":12,"69":2,"70":2,"71":12,"72":9,"73":9,"74":1,"75":1,"76":1,"77":1,"78":1,"79":2,"80":2,"81":2,"82":2,"83":1,"84":1,"85":1,"86":1,"87":1},"branchMap":{"0":{"type":"branch","line":5,"loc":{"start":{"line":5,"column":4},"end":{"line":5,"column":27}},"locations":[{"start":{"line":5,"column":4},"end":{"line":5,"column":27}}]},"1":{"type":"branch","line":6,"loc":{"start":{"line":6,"column":4},"end":{"line":8,"column":5}},"locations":[{"start":{"line":6,"column":4},"end":{"line":8,"column":5}}]},"2":{"type":"branch","line":10,"loc":{"start":{"line":10,"column":4},"end":{"line":12,"column":5}},"locations":[{"start":{"line":10,"column":4},"end":{"line":12,"column":5}}]},"3":{"type":"branch","line":13,"loc":{"start":{"line":13,"column":4},"end":{"line":26,"column":5}},"locations":[{"start":{"line":13,"column":4},"end":{"line":26,"column":5}}]},"4":{"type":"branch","line":14,"loc":{"start":{"line":14,"column":31},"end":{"line":14,"column":52}},"locations":[{"start":{"line":14,"column":31},"end":{"line":14,"column":52}}]},"5":{"type":"branch","line":14,"loc":{"start":{"line":14,"column":54},"end":{"line":17,"column":9}},"locations":[{"start":{"line":14,"column":54},"end":{"line":17,"column":9}}]},"6":{"type":"branch","line":17,"loc":{"start":{"line":17,"column":8},"end":{"line":26,"column":5}},"locations":[{"start":{"line":17,"column":8},"end":{"line":26,"column":5}}]},"7":{"type":"branch","line":18,"loc":{"start":{"line":18,"column":22},"end":{"line":24,"column":9}},"locations":[{"start":{"line":18,"column":22},"end":{"line":24,"column":9}}]},"8":{"type":"branch","line":20,"loc":{"start":{"line":20,"column":42},"end":{"line":22,"column":13}},"locations":[{"start":{"line":20,"column":42},"end":{"line":22,"column":13}}]},"9":{"type":"branch","line":27,"loc":{"start":{"line":27,"column":4},"end":{"line":32,"column":5}},"locations":[{"start":{"line":27,"column":4},"end":{"line":32,"column":5}}]},"10":{"type":"branch","line":33,"loc":{"start":{"line":33,"column":4},"end":{"line":51,"column":5}},"locations":[{"start":{"line":33,"column":4},"end":{"line":51,"column":5}}]},"11":{"type":"branch","line":34,"loc":{"start":{"line":34,"column":41},"end":{"line":49,"column":9}},"locations":[{"start":{"line":34,"column":41},"end":{"line":49,"column":9}}]},"12":{"type":"branch","line":35,"loc":{"start":{"line":35,"column":35},"end":{"line":37,"column":13}},"locations":[{"start":{"line":35,"column":35},"end":{"line":37,"column":13}}]},"13":{"type":"branch","line":37,"loc":{"start":{"line":37,"column":13},"end":{"line":47,"column":13}},"locations":[{"start":{"line":37,"column":13},"end":{"line":47,"column":13}}]},"14":{"type":"branch","line":37,"loc":{"start":{"line":37,"column":41},"end":{"line":39,"column":13}},"locations":[{"start":{"line":37,"column":41},"end":{"line":39,"column":13}}]},"15":{"type":"branch","line":39,"loc":{"start":{"line":39,"column":13},"end":{"line":47,"column":13}},"locations":[{"start":{"line":39,"column":13},"end":{"line":47,"column":13}}]},"16":{"type":"branch","line":39,"loc":{"start":{"line":39,"column":41},"end":{"line":41,"column":13}},"locations":[{"start":{"line":39,"column":41},"end":{"line":41,"column":13}}]},"17":{"type":"branch","line":41,"loc":{"start":{"line":41,"column":13},"end":{"line":47,"column":13}},"locations":[{"start":{"line":41,"column":13},"end":{"line":47,"column":13}}]},"18":{"type":"branch","line":41,"loc":{"start":{"line":41,"column":42},"end":{"line":43,"column":13}},"locations":[{"start":{"line":41,"column":42},"end":{"line":43,"column":13}}]},"19":{"type":"branch","line":43,"loc":{"start":{"line":43,"column":13},"end":{"line":47,"column":13}},"locations":[{"start":{"line":43,"column":13},"end":{"line":47,"column":13}}]},"20":{"type":"branch","line":43,"loc":{"start":{"line":43,"column":42},"end":{"line":47,"column":13}},"locations":[{"start":{"line":43,"column":42},"end":{"line":47,"column":13}}]},"21":{"type":"branch","line":52,"loc":{"start":{"line":52,"column":4},"end":{"line":83,"column":5}},"locations":[{"start":{"line":52,"column":4},"end":{"line":83,"column":5}}]},"22":{"type":"branch","line":53,"loc":{"start":{"line":53,"column":47},"end":{"line":79,"column":9}},"locations":[{"start":{"line":53,"column":47},"end":{"line":79,"column":9}}]},"23":{"type":"branch","line":54,"loc":{"start":{"line":54,"column":43},"end":{"line":64,"column":13}},"locations":[{"start":{"line":54,"column":43},"end":{"line":64,"column":13}}]},"24":{"type":"branch","line":57,"loc":{"start":{"line":57,"column":35},"end":{"line":59,"column":17}},"locations":[{"start":{"line":57,"column":35},"end":{"line":59,"column":17}}]},"25":{"type":"branch","line":59,"loc":{"start":{"line":59,"column":16},"end":{"line":60,"column":35}},"locations":[{"start":{"line":59,"column":16},"end":{"line":60,"column":35}}]},"26":{"type":"branch","line":60,"loc":{"start":{"line":60,"column":35},"end":{"line":62,"column":17}},"locations":[{"start":{"line":60,"column":35},"end":{"line":62,"column":17}}]},"27":{"type":"branch","line":62,"loc":{"start":{"line":62,"column":16},"end":{"line":64,"column":13}},"locations":[{"start":{"line":62,"column":16},"end":{"line":64,"column":13}}]},"28":{"type":"branch","line":66,"loc":{"start":{"line":66,"column":43},"end":{"line":78,"column":13}},"locations":[{"start":{"line":66,"column":43},"end":{"line":78,"column":13}}]},"29":{"type":"branch","line":69,"loc":{"start":{"line":69,"column":35},"end":{"line":71,"column":17}},"locations":[{"start":{"line":69,"column":35},"end":{"line":71,"column":17}}]},"30":{"type":"branch","line":71,"loc":{"start":{"line":71,"column":16},"end":{"line":72,"column":35}},"locations":[{"start":{"line":71,"column":16},"end":{"line":72,"column":35}}]},"31":{"type":"branch","line":72,"loc":{"start":{"line":72,"column":35},"end":{"line":74,"column":17}},"locations":[{"start":{"line":72,"column":35},"end":{"line":74,"column":17}}]},"32":{"type":"branch","line":74,"loc":{"start":{"line":74,"column":16},"end":{"line":78,"column":13}},"locations":[{"start":{"line":74,"column":16},"end":{"line":78,"column":13}}]}},"b":{"0":[10],"1":[10],"2":[10],"3":[10],"4":[1],"5":[1],"6":[9],"7":[54],"8":[162],"9":[3],"10":[6],"11":[36],"12":[6],"13":[30],"14":[6],"15":[24],"16":[6],"17":[18],"18":[6],"19":[12],"20":[6],"21":[2],"22":[1],"23":[10],"24":[2],"25":[8],"26":[7],"27":[1],"28":[12],"29":[2],"30":[10],"31":[9],"32":[1]},"fnMap":{"0":{"name":"<instance_members_initializer>","decl":{"start":{"line":5,"column":4},"end":{"line":5,"column":27}},"loc":{"start":{"line":5,"column":4},"end":{"line":5,"column":27}},"line":5},"1":{"name":"JSONQuery","decl":{"start":{"line":6,"column":4},"end":{"line":8,"column":5}},"loc":{"start":{"line":6,"column":4},"end":{"line":8,"column":5}},"line":6},"2":{"name":"get","decl":{"start":{"line":10,"column":4},"end":{"line":12,"column":5}},"loc":{"start":{"line":10,"column":4},"end":{"line":12,"column":5}},"line":10},"3":{"name":"select","decl":{"start":{"line":13,"column":4},"end":{"line":26,"column":5}},"loc":{"start":{"line":13,"column":4},"end":{"line":26,"column":5}},"line":13},"4":{"name":"limit","decl":{"start":{"line":27,"column":4},"end":{"line":32,"column":5}},"loc":{"start":{"line":27,"column":4},"end":{"line":32,"column":5}},"line":27},"5":{"name":"where","decl":{"start":{"line":33,"column":4},"end":{"line":51,"column":5}},"loc":{"start":{"line":33,"column":4},"end":{"line":51,"column":5}},"line":33},"6":{"name":"orderBy","decl":{"start":{"line":52,"column":4},"end":{"line":83,"column":5}},"loc":{"start":{"line":52,"column":4},"end":{"line":83,"column":5}},"line":52}},"f":{"0":10,"1":10,"2":10,"3":10,"4":3,"5":6,"6":2}}
}
