{"/Users/krishnadas/Desktop/opensource/JSONQuery/index.ts": {"path":"/Users/krishnadas/Desktop/opensource/JSONQuery/index.ts","all":false,"statementMap":{"0":{"start":{"line":1,"column":0},"end":{"line":1,"column":31}},"1":{"start":{"line":2,"column":0},"end":{"line":2,"column":63}},"2":{"start":{"line":3,"column":0},"end":{"line":3,"column":29}},"3":{"start":{"line":4,"column":0},"end":{"line":4,"column":31}},"4":{"start":{"line":5,"column":0},"end":{"line":5,"column":34}},"5":{"start":{"line":6,"column":0},"end":{"line":6,"column":20}},"6":{"start":{"line":7,"column":0},"end":{"line":7,"column":27}},"7":{"start":{"line":8,"column":0},"end":{"line":8,"column":4}},"8":{"start":{"line":9,"column":0},"end":{"line":9,"column":35}},"9":{"start":{"line":10,"column":0},"end":{"line":10,"column":24}},"10":{"start":{"line":11,"column":0},"end":{"line":11,"column":7}},"11":{"start":{"line":12,"column":0},"end":{"line":12,"column":5}},"12":{"start":{"line":13,"column":0},"end":{"line":13,"column":0}},"13":{"start":{"line":14,"column":0},"end":{"line":14,"column":23}},"14":{"start":{"line":15,"column":0},"end":{"line":15,"column":26}},"15":{"start":{"line":16,"column":0},"end":{"line":16,"column":5}},"16":{"start":{"line":17,"column":0},"end":{"line":17,"column":52}},"17":{"start":{"line":18,"column":0},"end":{"line":18,"column":55}},"18":{"start":{"line":19,"column":0},"end":{"line":19,"column":35}},"19":{"start":{"line":20,"column":0},"end":{"line":20,"column":23}},"20":{"start":{"line":21,"column":0},"end":{"line":21,"column":9}},"21":{"start":{"line":22,"column":0},"end":{"line":22,"column":28}},"22":{"start":{"line":23,"column":0},"end":{"line":23,"column":52}},"23":{"start":{"line":24,"column":0},"end":{"line":24,"column":43}},"24":{"start":{"line":25,"column":0},"end":{"line":25,"column":81}},"25":{"start":{"line":26,"column":0},"end":{"line":26,"column":13}},"26":{"start":{"line":27,"column":0},"end":{"line":27,"column":49}},"27":{"start":{"line":28,"column":0},"end":{"line":28,"column":10}},"28":{"start":{"line":29,"column":0},"end":{"line":29,"column":19}},"29":{"start":{"line":30,"column":0},"end":{"line":30,"column":5}},"30":{"start":{"line":31,"column":0},"end":{"line":31,"column":23}},"31":{"start":{"line":32,"column":0},"end":{"line":32,"column":42}},"32":{"start":{"line":33,"column":0},"end":{"line":33,"column":53}},"33":{"start":{"line":34,"column":0},"end":{"line":34,"column":9}},"34":{"start":{"line":35,"column":0},"end":{"line":35,"column":19}},"35":{"start":{"line":36,"column":0},"end":{"line":36,"column":5}},"36":{"start":{"line":37,"column":0},"end":{"line":37,"column":78}},"37":{"start":{"line":38,"column":0},"end":{"line":38,"column":47}},"38":{"start":{"line":39,"column":0},"end":{"line":39,"column":36}},"39":{"start":{"line":40,"column":0},"end":{"line":40,"column":59}},"40":{"start":{"line":41,"column":0},"end":{"line":41,"column":42}},"41":{"start":{"line":42,"column":0},"end":{"line":42,"column":58}},"42":{"start":{"line":43,"column":0},"end":{"line":43,"column":42}},"43":{"start":{"line":44,"column":0},"end":{"line":44,"column":58}},"44":{"start":{"line":45,"column":0},"end":{"line":45,"column":43}},"45":{"start":{"line":46,"column":0},"end":{"line":46,"column":59}},"46":{"start":{"line":47,"column":0},"end":{"line":47,"column":43}},"47":{"start":{"line":48,"column":0},"end":{"line":48,"column":59}},"48":{"start":{"line":49,"column":0},"end":{"line":49,"column":43}},"49":{"start":{"line":50,"column":0},"end":{"line":50,"column":59}},"50":{"start":{"line":51,"column":0},"end":{"line":51,"column":13}},"51":{"start":{"line":52,"column":0},"end":{"line":52,"column":0}},"52":{"start":{"line":53,"column":0},"end":{"line":53,"column":10}},"53":{"start":{"line":54,"column":0},"end":{"line":54,"column":19}},"54":{"start":{"line":55,"column":0},"end":{"line":55,"column":5}},"55":{"start":{"line":56,"column":0},"end":{"line":56,"column":58}},"56":{"start":{"line":57,"column":0},"end":{"line":57,"column":47}},"57":{"start":{"line":58,"column":0},"end":{"line":58,"column":54}},"58":{"start":{"line":59,"column":0},"end":{"line":59,"column":109}},"59":{"start":{"line":60,"column":0},"end":{"line":60,"column":109}},"60":{"start":{"line":61,"column":0},"end":{"line":61,"column":36}},"61":{"start":{"line":62,"column":0},"end":{"line":62,"column":29}},"62":{"start":{"line":63,"column":0},"end":{"line":63,"column":17}},"63":{"start":{"line":64,"column":0},"end":{"line":64,"column":36}},"64":{"start":{"line":65,"column":0},"end":{"line":65,"column":28}},"65":{"start":{"line":66,"column":0},"end":{"line":66,"column":17}},"66":{"start":{"line":67,"column":0},"end":{"line":67,"column":25}},"67":{"start":{"line":68,"column":0},"end":{"line":68,"column":14}},"68":{"start":{"line":69,"column":0},"end":{"line":69,"column":55}},"69":{"start":{"line":70,"column":0},"end":{"line":70,"column":54}},"70":{"start":{"line":71,"column":0},"end":{"line":71,"column":109}},"71":{"start":{"line":72,"column":0},"end":{"line":72,"column":109}},"72":{"start":{"line":73,"column":0},"end":{"line":73,"column":36}},"73":{"start":{"line":74,"column":0},"end":{"line":74,"column":29}},"74":{"start":{"line":75,"column":0},"end":{"line":75,"column":17}},"75":{"start":{"line":76,"column":0},"end":{"line":76,"column":36}},"76":{"start":{"line":77,"column":0},"end":{"line":77,"column":30}},"77":{"start":{"line":78,"column":0},"end":{"line":78,"column":17}},"78":{"start":{"line":79,"column":0},"end":{"line":79,"column":0}},"79":{"start":{"line":80,"column":0},"end":{"line":80,"column":38}},"80":{"start":{"line":81,"column":0},"end":{"line":81,"column":25}},"81":{"start":{"line":82,"column":0},"end":{"line":82,"column":14}},"82":{"start":{"line":83,"column":0},"end":{"line":83,"column":9}},"83":{"start":{"line":84,"column":0},"end":{"line":84,"column":19}},"84":{"start":{"line":85,"column":0},"end":{"line":85,"column":0}},"85":{"start":{"line":86,"column":0},"end":{"line":86,"column":0}},"86":{"start":{"line":87,"column":0},"end":{"line":87,"column":5}},"87":{"start":{"line":88,"column":0},"end":{"line":88,"column":83}},"88":{"start":{"line":89,"column":0},"end":{"line":89,"column":38}},"89":{"start":{"line":90,"column":0},"end":{"line":90,"column":99}},"90":{"start":{"line":91,"column":0},"end":{"line":91,"column":19}},"91":{"start":{"line":92,"column":0},"end":{"line":92,"column":5}},"92":{"start":{"line":93,"column":0},"end":{"line":93,"column":39}},"93":{"start":{"line":94,"column":0},"end":{"line":94,"column":63}},"94":{"start":{"line":95,"column":0},"end":{"line":95,"column":5}},"95":{"start":{"line":96,"column":0},"end":{"line":96,"column":51}},"96":{"start":{"line":97,"column":0},"end":{"line":97,"column":75}},"97":{"start":{"line":98,"column":0},"end":{"line":98,"column":19}},"98":{"start":{"line":99,"column":0},"end":{"line":99,"column":5}},"99":{"start":{"line":100,"column":0},"end":{"line":100,"column":54}},"100":{"start":{"line":101,"column":0},"end":{"line":101,"column":76}},"101":{"start":{"line":102,"column":0},"end":{"line":102,"column":19}},"102":{"start":{"line":103,"column":0},"end":{"line":103,"column":5}},"103":{"start":{"line":104,"column":0},"end":{"line":104,"column":69}},"104":{"start":{"line":105,"column":0},"end":{"line":105,"column":93}},"105":{"start":{"line":106,"column":0},"end":{"line":106,"column":19}},"106":{"start":{"line":107,"column":0},"end":{"line":107,"column":5}},"107":{"start":{"line":108,"column":0},"end":{"line":108,"column":1}},"108":{"start":{"line":109,"column":0},"end":{"line":109,"column":0}},"109":{"start":{"line":110,"column":0},"end":{"line":110,"column":18}},"110":{"start":{"line":111,"column":0},"end":{"line":111,"column":24}},"111":{"start":{"line":112,"column":0},"end":{"line":112,"column":1}}},"s":{"0":1,"1":1,"2":1,"3":1,"4":1,"5":1,"6":1,"7":1,"8":1,"9":10,"10":10,"11":10,"12":1,"13":1,"14":10,"15":10,"16":1,"17":10,"18":1,"19":1,"20":1,"21":9,"22":54,"23":54,"24":162,"25":162,"26":54,"27":9,"28":9,"29":9,"30":1,"31":3,"32":3,"33":3,"34":3,"35":3,"36":1,"37":6,"38":36,"39":6,"40":36,"41":6,"42":30,"43":6,"44":24,"45":6,"46":18,"47":6,"48":6,"49":6,"50":6,"51":36,"52":6,"53":6,"54":6,"55":1,"56":2,"57":1,"58":10,"59":10,"60":10,"61":2,"62":2,"63":10,"64":7,"65":7,"66":1,"67":1,"68":1,"69":1,"70":12,"71":12,"72":12,"73":2,"74":2,"75":12,"76":9,"77":9,"78":1,"79":1,"80":1,"81":1,"82":1,"83":2,"84":2,"85":2,"86":2,"87":1,"88":1,"89":0,"90":0,"91":0,"92":1,"93":0,"94":0,"95":1,"96":0,"97":0,"98":0,"99":1,"100":0,"101":0,"102":0,"103":1,"104":0,"105":0,"106":0,"107":1,"108":1,"109":1,"110":1,"111":1},"branchMap":{"0":{"type":"branch","line":7,"loc":{"start":{"line":7,"column":4},"end":{"line":7,"column":27}},"locations":[{"start":{"line":7,"column":4},"end":{"line":7,"column":27}}]},"1":{"type":"branch","line":9,"loc":{"start":{"line":9,"column":4},"end":{"line":12,"column":5}},"locations":[{"start":{"line":9,"column":4},"end":{"line":12,"column":5}}]},"2":{"type":"branch","line":14,"loc":{"start":{"line":14,"column":4},"end":{"line":16,"column":5}},"locations":[{"start":{"line":14,"column":4},"end":{"line":16,"column":5}}]},"3":{"type":"branch","line":17,"loc":{"start":{"line":17,"column":4},"end":{"line":30,"column":5}},"locations":[{"start":{"line":17,"column":4},"end":{"line":30,"column":5}}]},"4":{"type":"branch","line":18,"loc":{"start":{"line":18,"column":31},"end":{"line":18,"column":52}},"locations":[{"start":{"line":18,"column":31},"end":{"line":18,"column":52}}]},"5":{"type":"branch","line":18,"loc":{"start":{"line":18,"column":54},"end":{"line":21,"column":9}},"locations":[{"start":{"line":18,"column":54},"end":{"line":21,"column":9}}]},"6":{"type":"branch","line":21,"loc":{"start":{"line":21,"column":8},"end":{"line":30,"column":5}},"locations":[{"start":{"line":21,"column":8},"end":{"line":30,"column":5}}]},"7":{"type":"branch","line":22,"loc":{"start":{"line":22,"column":22},"end":{"line":28,"column":9}},"locations":[{"start":{"line":22,"column":22},"end":{"line":28,"column":9}}]},"8":{"type":"branch","line":24,"loc":{"start":{"line":24,"column":42},"end":{"line":26,"column":13}},"locations":[{"start":{"line":24,"column":42},"end":{"line":26,"column":13}}]},"9":{"type":"branch","line":31,"loc":{"start":{"line":31,"column":4},"end":{"line":36,"column":5}},"locations":[{"start":{"line":31,"column":4},"end":{"line":36,"column":5}}]},"10":{"type":"branch","line":37,"loc":{"start":{"line":37,"column":4},"end":{"line":55,"column":5}},"locations":[{"start":{"line":37,"column":4},"end":{"line":55,"column":5}}]},"11":{"type":"branch","line":38,"loc":{"start":{"line":38,"column":41},"end":{"line":53,"column":9}},"locations":[{"start":{"line":38,"column":41},"end":{"line":53,"column":9}}]},"12":{"type":"branch","line":39,"loc":{"start":{"line":39,"column":35},"end":{"line":41,"column":13}},"locations":[{"start":{"line":39,"column":35},"end":{"line":41,"column":13}}]},"13":{"type":"branch","line":41,"loc":{"start":{"line":41,"column":13},"end":{"line":51,"column":13}},"locations":[{"start":{"line":41,"column":13},"end":{"line":51,"column":13}}]},"14":{"type":"branch","line":41,"loc":{"start":{"line":41,"column":41},"end":{"line":43,"column":13}},"locations":[{"start":{"line":41,"column":41},"end":{"line":43,"column":13}}]},"15":{"type":"branch","line":43,"loc":{"start":{"line":43,"column":13},"end":{"line":51,"column":13}},"locations":[{"start":{"line":43,"column":13},"end":{"line":51,"column":13}}]},"16":{"type":"branch","line":43,"loc":{"start":{"line":43,"column":41},"end":{"line":45,"column":13}},"locations":[{"start":{"line":43,"column":41},"end":{"line":45,"column":13}}]},"17":{"type":"branch","line":45,"loc":{"start":{"line":45,"column":13},"end":{"line":51,"column":13}},"locations":[{"start":{"line":45,"column":13},"end":{"line":51,"column":13}}]},"18":{"type":"branch","line":45,"loc":{"start":{"line":45,"column":42},"end":{"line":47,"column":13}},"locations":[{"start":{"line":45,"column":42},"end":{"line":47,"column":13}}]},"19":{"type":"branch","line":47,"loc":{"start":{"line":47,"column":13},"end":{"line":51,"column":13}},"locations":[{"start":{"line":47,"column":13},"end":{"line":51,"column":13}}]},"20":{"type":"branch","line":47,"loc":{"start":{"line":47,"column":42},"end":{"line":51,"column":13}},"locations":[{"start":{"line":47,"column":42},"end":{"line":51,"column":13}}]},"21":{"type":"branch","line":56,"loc":{"start":{"line":56,"column":4},"end":{"line":87,"column":5}},"locations":[{"start":{"line":56,"column":4},"end":{"line":87,"column":5}}]},"22":{"type":"branch","line":57,"loc":{"start":{"line":57,"column":46},"end":{"line":83,"column":9}},"locations":[{"start":{"line":57,"column":46},"end":{"line":83,"column":9}}]},"23":{"type":"branch","line":58,"loc":{"start":{"line":58,"column":43},"end":{"line":68,"column":13}},"locations":[{"start":{"line":58,"column":43},"end":{"line":68,"column":13}}]},"24":{"type":"branch","line":61,"loc":{"start":{"line":61,"column":35},"end":{"line":63,"column":17}},"locations":[{"start":{"line":61,"column":35},"end":{"line":63,"column":17}}]},"25":{"type":"branch","line":63,"loc":{"start":{"line":63,"column":16},"end":{"line":64,"column":35}},"locations":[{"start":{"line":63,"column":16},"end":{"line":64,"column":35}}]},"26":{"type":"branch","line":64,"loc":{"start":{"line":64,"column":35},"end":{"line":66,"column":17}},"locations":[{"start":{"line":64,"column":35},"end":{"line":66,"column":17}}]},"27":{"type":"branch","line":66,"loc":{"start":{"line":66,"column":16},"end":{"line":68,"column":13}},"locations":[{"start":{"line":66,"column":16},"end":{"line":68,"column":13}}]},"28":{"type":"branch","line":70,"loc":{"start":{"line":70,"column":43},"end":{"line":82,"column":13}},"locations":[{"start":{"line":70,"column":43},"end":{"line":82,"column":13}}]},"29":{"type":"branch","line":73,"loc":{"start":{"line":73,"column":35},"end":{"line":75,"column":17}},"locations":[{"start":{"line":73,"column":35},"end":{"line":75,"column":17}}]},"30":{"type":"branch","line":75,"loc":{"start":{"line":75,"column":16},"end":{"line":76,"column":35}},"locations":[{"start":{"line":75,"column":16},"end":{"line":76,"column":35}}]},"31":{"type":"branch","line":76,"loc":{"start":{"line":76,"column":35},"end":{"line":78,"column":17}},"locations":[{"start":{"line":76,"column":35},"end":{"line":78,"column":17}}]},"32":{"type":"branch","line":78,"loc":{"start":{"line":78,"column":16},"end":{"line":82,"column":13}},"locations":[{"start":{"line":78,"column":16},"end":{"line":82,"column":13}}]}},"b":{"0":[10],"1":[10],"2":[10],"3":[10],"4":[1],"5":[1],"6":[9],"7":[54],"8":[162],"9":[3],"10":[6],"11":[36],"12":[6],"13":[30],"14":[6],"15":[24],"16":[6],"17":[18],"18":[6],"19":[12],"20":[6],"21":[2],"22":[1],"23":[10],"24":[2],"25":[8],"26":[7],"27":[1],"28":[12],"29":[2],"30":[10],"31":[9],"32":[1]},"fnMap":{"0":{"name":"<instance_members_initializer>","decl":{"start":{"line":7,"column":4},"end":{"line":7,"column":27}},"loc":{"start":{"line":7,"column":4},"end":{"line":7,"column":27}},"line":7},"1":{"name":"JSONQuery","decl":{"start":{"line":9,"column":4},"end":{"line":12,"column":5}},"loc":{"start":{"line":9,"column":4},"end":{"line":12,"column":5}},"line":9},"2":{"name":"get","decl":{"start":{"line":14,"column":4},"end":{"line":16,"column":5}},"loc":{"start":{"line":14,"column":4},"end":{"line":16,"column":5}},"line":14},"3":{"name":"select","decl":{"start":{"line":17,"column":4},"end":{"line":30,"column":5}},"loc":{"start":{"line":17,"column":4},"end":{"line":30,"column":5}},"line":17},"4":{"name":"limit","decl":{"start":{"line":31,"column":4},"end":{"line":36,"column":5}},"loc":{"start":{"line":31,"column":4},"end":{"line":36,"column":5}},"line":31},"5":{"name":"where","decl":{"start":{"line":37,"column":4},"end":{"line":55,"column":5}},"loc":{"start":{"line":37,"column":4},"end":{"line":55,"column":5}},"line":37},"6":{"name":"orderBy","decl":{"start":{"line":56,"column":4},"end":{"line":87,"column":5}},"loc":{"start":{"line":56,"column":4},"end":{"line":87,"column":5}},"line":56},"7":{"name":"distinct","decl":{"start":{"line":89,"column":4},"end":{"line":92,"column":5}},"loc":{"start":{"line":89,"column":4},"end":{"line":92,"column":5}},"line":89},"8":{"name":"fetchOnly","decl":{"start":{"line":93,"column":4},"end":{"line":95,"column":5}},"loc":{"start":{"line":93,"column":4},"end":{"line":95,"column":5}},"line":93},"9":{"name":"in","decl":{"start":{"line":96,"column":4},"end":{"line":99,"column":5}},"loc":{"start":{"line":96,"column":4},"end":{"line":99,"column":5}},"line":96},"10":{"name":"notIn","decl":{"start":{"line":100,"column":4},"end":{"line":103,"column":5}},"loc":{"start":{"line":100,"column":4},"end":{"line":103,"column":5}},"line":100},"11":{"name":"between","decl":{"start":{"line":104,"column":4},"end":{"line":107,"column":5}},"loc":{"start":{"line":104,"column":4},"end":{"line":107,"column":5}},"line":104}},"f":{"0":10,"1":10,"2":10,"3":10,"4":3,"5":6,"6":2,"7":0,"8":0,"9":0,"10":0,"11":0}}
,"/Users/krishnadas/Desktop/opensource/JSONQuery/dist/index.js": {"path":"/Users/krishnadas/Desktop/opensource/JSONQuery/dist/index.js","all":false,"statementMap":{"0":{"start":{"line":1,"column":0},"end":{"line":1,"column":13}},"1":{"start":{"line":2,"column":0},"end":{"line":2,"column":62}},"2":{"start":{"line":3,"column":0},"end":{"line":3,"column":27}},"3":{"start":{"line":4,"column":0},"end":{"line":4,"column":29}},"4":{"start":{"line":5,"column":0},"end":{"line":5,"column":31}},"5":{"start":{"line":6,"column":0},"end":{"line":6,"column":17}},"6":{"start":{"line":7,"column":0},"end":{"line":7,"column":23}},"7":{"start":{"line":8,"column":0},"end":{"line":8,"column":25}},"8":{"start":{"line":9,"column":0},"end":{"line":9,"column":25}},"9":{"start":{"line":10,"column":0},"end":{"line":10,"column":5}},"10":{"start":{"line":11,"column":0},"end":{"line":11,"column":11}},"11":{"start":{"line":12,"column":0},"end":{"line":12,"column":27}},"12":{"start":{"line":13,"column":0},"end":{"line":13,"column":5}},"13":{"start":{"line":14,"column":0},"end":{"line":14,"column":21}},"14":{"start":{"line":15,"column":0},"end":{"line":15,"column":55}},"15":{"start":{"line":16,"column":0},"end":{"line":16,"column":36}},"16":{"start":{"line":17,"column":0},"end":{"line":17,"column":24}},"17":{"start":{"line":18,"column":0},"end":{"line":18,"column":9}},"18":{"start":{"line":19,"column":0},"end":{"line":19,"column":28}},"19":{"start":{"line":20,"column":0},"end":{"line":20,"column":33}},"20":{"start":{"line":21,"column":0},"end":{"line":21,"column":43}},"21":{"start":{"line":22,"column":0},"end":{"line":22,"column":46}},"22":{"start":{"line":23,"column":0},"end":{"line":23,"column":13}},"23":{"start":{"line":24,"column":0},"end":{"line":24,"column":40}},"24":{"start":{"line":25,"column":0},"end":{"line":25,"column":11}},"25":{"start":{"line":26,"column":0},"end":{"line":26,"column":20}},"26":{"start":{"line":27,"column":0},"end":{"line":27,"column":5}},"27":{"start":{"line":28,"column":0},"end":{"line":28,"column":23}},"28":{"start":{"line":29,"column":0},"end":{"line":29,"column":42}},"29":{"start":{"line":30,"column":0},"end":{"line":30,"column":54}},"30":{"start":{"line":31,"column":0},"end":{"line":31,"column":9}},"31":{"start":{"line":32,"column":0},"end":{"line":32,"column":20}},"32":{"start":{"line":33,"column":0},"end":{"line":33,"column":5}},"33":{"start":{"line":34,"column":0},"end":{"line":34,"column":37}},"34":{"start":{"line":35,"column":0},"end":{"line":35,"column":47}},"35":{"start":{"line":36,"column":0},"end":{"line":36,"column":36}},"36":{"start":{"line":37,"column":0},"end":{"line":37,"column":42}},"37":{"start":{"line":38,"column":0},"end":{"line":38,"column":13}},"38":{"start":{"line":39,"column":0},"end":{"line":39,"column":40}},"39":{"start":{"line":40,"column":0},"end":{"line":40,"column":41}},"40":{"start":{"line":41,"column":0},"end":{"line":41,"column":13}},"41":{"start":{"line":42,"column":0},"end":{"line":42,"column":40}},"42":{"start":{"line":43,"column":0},"end":{"line":43,"column":41}},"43":{"start":{"line":44,"column":0},"end":{"line":44,"column":13}},"44":{"start":{"line":45,"column":0},"end":{"line":45,"column":41}},"45":{"start":{"line":46,"column":0},"end":{"line":46,"column":42}},"46":{"start":{"line":47,"column":0},"end":{"line":47,"column":13}},"47":{"start":{"line":48,"column":0},"end":{"line":48,"column":41}},"48":{"start":{"line":49,"column":0},"end":{"line":49,"column":42}},"49":{"start":{"line":50,"column":0},"end":{"line":50,"column":13}},"50":{"start":{"line":51,"column":0},"end":{"line":51,"column":41}},"51":{"start":{"line":52,"column":0},"end":{"line":52,"column":42}},"52":{"start":{"line":53,"column":0},"end":{"line":53,"column":13}},"53":{"start":{"line":54,"column":0},"end":{"line":54,"column":11}},"54":{"start":{"line":55,"column":0},"end":{"line":55,"column":20}},"55":{"start":{"line":56,"column":0},"end":{"line":56,"column":5}},"56":{"start":{"line":57,"column":0},"end":{"line":57,"column":32}},"57":{"start":{"line":58,"column":0},"end":{"line":58,"column":47}},"58":{"start":{"line":59,"column":0},"end":{"line":59,"column":54}},"59":{"start":{"line":60,"column":0},"end":{"line":60,"column":92}},"60":{"start":{"line":61,"column":0},"end":{"line":61,"column":92}},"61":{"start":{"line":62,"column":0},"end":{"line":62,"column":36}},"62":{"start":{"line":63,"column":0},"end":{"line":63,"column":30}},"63":{"start":{"line":64,"column":0},"end":{"line":64,"column":17}},"64":{"start":{"line":65,"column":0},"end":{"line":65,"column":36}},"65":{"start":{"line":66,"column":0},"end":{"line":66,"column":29}},"66":{"start":{"line":67,"column":0},"end":{"line":67,"column":17}},"67":{"start":{"line":68,"column":0},"end":{"line":68,"column":25}},"68":{"start":{"line":69,"column":0},"end":{"line":69,"column":15}},"69":{"start":{"line":70,"column":0},"end":{"line":70,"column":9}},"70":{"start":{"line":71,"column":0},"end":{"line":71,"column":53}},"71":{"start":{"line":72,"column":0},"end":{"line":72,"column":54}},"72":{"start":{"line":73,"column":0},"end":{"line":73,"column":92}},"73":{"start":{"line":74,"column":0},"end":{"line":74,"column":92}},"74":{"start":{"line":75,"column":0},"end":{"line":75,"column":36}},"75":{"start":{"line":76,"column":0},"end":{"line":76,"column":29}},"76":{"start":{"line":77,"column":0},"end":{"line":77,"column":17}},"77":{"start":{"line":78,"column":0},"end":{"line":78,"column":36}},"78":{"start":{"line":79,"column":0},"end":{"line":79,"column":30}},"79":{"start":{"line":80,"column":0},"end":{"line":80,"column":17}},"80":{"start":{"line":81,"column":0},"end":{"line":81,"column":38}},"81":{"start":{"line":82,"column":0},"end":{"line":82,"column":25}},"82":{"start":{"line":83,"column":0},"end":{"line":83,"column":15}},"83":{"start":{"line":84,"column":0},"end":{"line":84,"column":9}},"84":{"start":{"line":85,"column":0},"end":{"line":85,"column":20}},"85":{"start":{"line":86,"column":0},"end":{"line":86,"column":5}},"86":{"start":{"line":87,"column":0},"end":{"line":87,"column":83}},"87":{"start":{"line":88,"column":0},"end":{"line":88,"column":22}},"88":{"start":{"line":89,"column":0},"end":{"line":89,"column":82}},"89":{"start":{"line":90,"column":0},"end":{"line":90,"column":20}},"90":{"start":{"line":91,"column":0},"end":{"line":91,"column":5}},"91":{"start":{"line":92,"column":0},"end":{"line":92,"column":23}},"92":{"start":{"line":93,"column":0},"end":{"line":93,"column":47}},"93":{"start":{"line":94,"column":0},"end":{"line":94,"column":5}},"94":{"start":{"line":95,"column":0},"end":{"line":95,"column":24}},"95":{"start":{"line":96,"column":0},"end":{"line":96,"column":74}},"96":{"start":{"line":97,"column":0},"end":{"line":97,"column":20}},"97":{"start":{"line":98,"column":0},"end":{"line":98,"column":5}},"98":{"start":{"line":99,"column":0},"end":{"line":99,"column":27}},"99":{"start":{"line":100,"column":0},"end":{"line":100,"column":75}},"100":{"start":{"line":101,"column":0},"end":{"line":101,"column":20}},"101":{"start":{"line":102,"column":0},"end":{"line":102,"column":5}},"102":{"start":{"line":103,"column":0},"end":{"line":103,"column":43}},"103":{"start":{"line":104,"column":0},"end":{"line":104,"column":94}},"104":{"start":{"line":105,"column":0},"end":{"line":105,"column":20}},"105":{"start":{"line":106,"column":0},"end":{"line":106,"column":5}},"106":{"start":{"line":107,"column":0},"end":{"line":107,"column":1}},"107":{"start":{"line":108,"column":0},"end":{"line":108,"column":30}},"108":{"start":{"line":109,"column":0},"end":{"line":109,"column":18}},"109":{"start":{"line":110,"column":0},"end":{"line":110,"column":24}},"110":{"start":{"line":111,"column":0},"end":{"line":111,"column":2}}},"s":{"0":1,"1":1,"2":1,"3":1,"4":1,"5":1,"6":1,"7":10,"8":10,"9":10,"10":1,"11":10,"12":10,"13":1,"14":10,"15":1,"16":1,"17":1,"18":9,"19":54,"20":54,"21":162,"22":162,"23":54,"24":9,"25":9,"26":9,"27":1,"28":3,"29":3,"30":3,"31":3,"32":3,"33":1,"34":6,"35":36,"36":6,"37":6,"38":30,"39":6,"40":6,"41":24,"42":6,"43":6,"44":18,"45":6,"46":6,"47":12,"48":6,"49":6,"50":6,"51":6,"52":6,"53":6,"54":6,"55":6,"56":1,"57":2,"58":1,"59":10,"60":10,"61":10,"62":2,"63":2,"64":10,"65":7,"66":7,"67":1,"68":1,"69":1,"70":1,"71":1,"72":12,"73":12,"74":12,"75":2,"76":2,"77":12,"78":9,"79":9,"80":1,"81":1,"82":1,"83":1,"84":2,"85":2,"86":1,"87":1,"88":0,"89":0,"90":0,"91":1,"92":0,"93":0,"94":1,"95":0,"96":0,"97":0,"98":1,"99":0,"100":0,"101":0,"102":1,"103":0,"104":0,"105":0,"106":1,"107":1,"108":1,"109":1,"110":1},"branchMap":{"0":{"type":"branch","line":7,"loc":{"start":{"line":7,"column":4},"end":{"line":10,"column":5}},"locations":[{"start":{"line":7,"column":4},"end":{"line":10,"column":5}}]},"1":{"type":"branch","line":11,"loc":{"start":{"line":11,"column":4},"end":{"line":13,"column":5}},"locations":[{"start":{"line":11,"column":4},"end":{"line":13,"column":5}}]},"2":{"type":"branch","line":14,"loc":{"start":{"line":14,"column":4},"end":{"line":27,"column":5}},"locations":[{"start":{"line":14,"column":4},"end":{"line":27,"column":5}}]},"3":{"type":"branch","line":15,"loc":{"start":{"line":15,"column":31},"end":{"line":15,"column":52}},"locations":[{"start":{"line":15,"column":31},"end":{"line":15,"column":52}}]},"4":{"type":"branch","line":15,"loc":{"start":{"line":15,"column":54},"end":{"line":18,"column":9}},"locations":[{"start":{"line":15,"column":54},"end":{"line":18,"column":9}}]},"5":{"type":"branch","line":18,"loc":{"start":{"line":18,"column":8},"end":{"line":27,"column":5}},"locations":[{"start":{"line":18,"column":8},"end":{"line":27,"column":5}}]},"6":{"type":"branch","line":19,"loc":{"start":{"line":19,"column":22},"end":{"line":25,"column":9}},"locations":[{"start":{"line":19,"column":22},"end":{"line":25,"column":9}}]},"7":{"type":"branch","line":21,"loc":{"start":{"line":21,"column":42},"end":{"line":23,"column":13}},"locations":[{"start":{"line":21,"column":42},"end":{"line":23,"column":13}}]},"8":{"type":"branch","line":28,"loc":{"start":{"line":28,"column":4},"end":{"line":33,"column":5}},"locations":[{"start":{"line":28,"column":4},"end":{"line":33,"column":5}}]},"9":{"type":"branch","line":34,"loc":{"start":{"line":34,"column":4},"end":{"line":56,"column":5}},"locations":[{"start":{"line":34,"column":4},"end":{"line":56,"column":5}}]},"10":{"type":"branch","line":35,"loc":{"start":{"line":35,"column":41},"end":{"line":54,"column":9}},"locations":[{"start":{"line":35,"column":41},"end":{"line":54,"column":9}}]},"11":{"type":"branch","line":36,"loc":{"start":{"line":36,"column":35},"end":{"line":38,"column":13}},"locations":[{"start":{"line":36,"column":35},"end":{"line":38,"column":13}}]},"12":{"type":"branch","line":39,"loc":{"start":{"line":39,"column":-1},"end":{"line":53,"column":13}},"locations":[{"start":{"line":39,"column":-1},"end":{"line":53,"column":13}}]},"13":{"type":"branch","line":39,"loc":{"start":{"line":39,"column":39},"end":{"line":41,"column":13}},"locations":[{"start":{"line":39,"column":39},"end":{"line":41,"column":13}}]},"14":{"type":"branch","line":42,"loc":{"start":{"line":42,"column":-1},"end":{"line":53,"column":13}},"locations":[{"start":{"line":42,"column":-1},"end":{"line":53,"column":13}}]},"15":{"type":"branch","line":42,"loc":{"start":{"line":42,"column":39},"end":{"line":44,"column":13}},"locations":[{"start":{"line":42,"column":39},"end":{"line":44,"column":13}}]},"16":{"type":"branch","line":45,"loc":{"start":{"line":45,"column":-1},"end":{"line":53,"column":13}},"locations":[{"start":{"line":45,"column":-1},"end":{"line":53,"column":13}}]},"17":{"type":"branch","line":45,"loc":{"start":{"line":45,"column":40},"end":{"line":47,"column":13}},"locations":[{"start":{"line":45,"column":40},"end":{"line":47,"column":13}}]},"18":{"type":"branch","line":48,"loc":{"start":{"line":48,"column":-1},"end":{"line":53,"column":13}},"locations":[{"start":{"line":48,"column":-1},"end":{"line":53,"column":13}}]},"19":{"type":"branch","line":48,"loc":{"start":{"line":48,"column":40},"end":{"line":53,"column":13}},"locations":[{"start":{"line":48,"column":40},"end":{"line":53,"column":13}}]},"20":{"type":"branch","line":57,"loc":{"start":{"line":57,"column":4},"end":{"line":86,"column":5}},"locations":[{"start":{"line":57,"column":4},"end":{"line":86,"column":5}}]},"21":{"type":"branch","line":58,"loc":{"start":{"line":58,"column":46},"end":{"line":84,"column":9}},"locations":[{"start":{"line":58,"column":46},"end":{"line":84,"column":9}}]},"22":{"type":"branch","line":59,"loc":{"start":{"line":59,"column":43},"end":{"line":69,"column":13}},"locations":[{"start":{"line":59,"column":43},"end":{"line":69,"column":13}}]},"23":{"type":"branch","line":62,"loc":{"start":{"line":62,"column":35},"end":{"line":64,"column":17}},"locations":[{"start":{"line":62,"column":35},"end":{"line":64,"column":17}}]},"24":{"type":"branch","line":64,"loc":{"start":{"line":64,"column":16},"end":{"line":65,"column":35}},"locations":[{"start":{"line":64,"column":16},"end":{"line":65,"column":35}}]},"25":{"type":"branch","line":65,"loc":{"start":{"line":65,"column":35},"end":{"line":67,"column":17}},"locations":[{"start":{"line":65,"column":35},"end":{"line":67,"column":17}}]},"26":{"type":"branch","line":67,"loc":{"start":{"line":67,"column":16},"end":{"line":69,"column":13}},"locations":[{"start":{"line":67,"column":16},"end":{"line":69,"column":13}}]},"27":{"type":"branch","line":72,"loc":{"start":{"line":72,"column":43},"end":{"line":83,"column":13}},"locations":[{"start":{"line":72,"column":43},"end":{"line":83,"column":13}}]},"28":{"type":"branch","line":75,"loc":{"start":{"line":75,"column":35},"end":{"line":77,"column":17}},"locations":[{"start":{"line":75,"column":35},"end":{"line":77,"column":17}}]},"29":{"type":"branch","line":77,"loc":{"start":{"line":77,"column":16},"end":{"line":78,"column":35}},"locations":[{"start":{"line":77,"column":16},"end":{"line":78,"column":35}}]},"30":{"type":"branch","line":78,"loc":{"start":{"line":78,"column":35},"end":{"line":80,"column":17}},"locations":[{"start":{"line":78,"column":35},"end":{"line":80,"column":17}}]},"31":{"type":"branch","line":80,"loc":{"start":{"line":80,"column":16},"end":{"line":83,"column":13}},"locations":[{"start":{"line":80,"column":16},"end":{"line":83,"column":13}}]}},"b":{"0":[10],"1":[10],"2":[10],"3":[1],"4":[1],"5":[9],"6":[54],"7":[162],"8":[3],"9":[6],"10":[36],"11":[6],"12":[30],"13":[6],"14":[24],"15":[6],"16":[18],"17":[6],"18":[12],"19":[6],"20":[2],"21":[1],"22":[10],"23":[2],"24":[8],"25":[7],"26":[1],"27":[12],"28":[2],"29":[10],"30":[9],"31":[1]},"fnMap":{"0":{"name":"JSONQuery","decl":{"start":{"line":7,"column":4},"end":{"line":10,"column":5}},"loc":{"start":{"line":7,"column":4},"end":{"line":10,"column":5}},"line":7},"1":{"name":"get","decl":{"start":{"line":11,"column":4},"end":{"line":13,"column":5}},"loc":{"start":{"line":11,"column":4},"end":{"line":13,"column":5}},"line":11},"2":{"name":"select","decl":{"start":{"line":14,"column":4},"end":{"line":27,"column":5}},"loc":{"start":{"line":14,"column":4},"end":{"line":27,"column":5}},"line":14},"3":{"name":"limit","decl":{"start":{"line":28,"column":4},"end":{"line":33,"column":5}},"loc":{"start":{"line":28,"column":4},"end":{"line":33,"column":5}},"line":28},"4":{"name":"where","decl":{"start":{"line":34,"column":4},"end":{"line":56,"column":5}},"loc":{"start":{"line":34,"column":4},"end":{"line":56,"column":5}},"line":34},"5":{"name":"orderBy","decl":{"start":{"line":57,"column":4},"end":{"line":86,"column":5}},"loc":{"start":{"line":57,"column":4},"end":{"line":86,"column":5}},"line":57},"6":{"name":"distinct","decl":{"start":{"line":88,"column":4},"end":{"line":91,"column":5}},"loc":{"start":{"line":88,"column":4},"end":{"line":91,"column":5}},"line":88},"7":{"name":"fetchOnly","decl":{"start":{"line":92,"column":4},"end":{"line":94,"column":5}},"loc":{"start":{"line":92,"column":4},"end":{"line":94,"column":5}},"line":92},"8":{"name":"in","decl":{"start":{"line":95,"column":4},"end":{"line":98,"column":5}},"loc":{"start":{"line":95,"column":4},"end":{"line":98,"column":5}},"line":95},"9":{"name":"notIn","decl":{"start":{"line":99,"column":4},"end":{"line":102,"column":5}},"loc":{"start":{"line":99,"column":4},"end":{"line":102,"column":5}},"line":99},"10":{"name":"between","decl":{"start":{"line":103,"column":4},"end":{"line":106,"column":5}},"loc":{"start":{"line":103,"column":4},"end":{"line":106,"column":5}},"line":103}},"f":{"0":10,"1":10,"2":10,"3":3,"4":6,"5":2,"6":0,"7":0,"8":0,"9":0,"10":0}}
}
