TN:
SF:index.ts
FN:5,<instance_members_initializer>
FN:6,JSONQuery
FN:10,get
FN:13,select
FN:27,limit
FN:33,where
FN:52,orderBy
FNF:7
FNH:7
FNDA:10,<instance_members_initializer>
FNDA:10,JSONQuery
FNDA:10,get
FNDA:10,select
FNDA:3,limit
FNDA:6,where
FNDA:2,orderBy
DA:1,1
DA:2,1
DA:3,1
DA:4,1
DA:5,1
DA:6,1
DA:7,10
DA:8,10
DA:9,1
DA:10,1
DA:11,10
DA:12,10
DA:13,1
DA:14,10
DA:15,1
DA:16,1
DA:17,1
DA:18,9
DA:19,54
DA:20,54
DA:21,162
DA:22,162
DA:23,54
DA:24,9
DA:25,9
DA:26,9
DA:27,1
DA:28,3
DA:29,3
DA:30,3
DA:31,3
DA:32,3
DA:33,1
DA:34,6
DA:35,36
DA:36,6
DA:37,36
DA:38,6
DA:39,30
DA:40,6
DA:41,24
DA:42,6
DA:43,18
DA:44,6
DA:45,6
DA:46,6
DA:47,6
DA:48,36
DA:49,6
DA:50,6
DA:51,6
DA:52,1
DA:53,2
DA:54,1
DA:55,10
DA:56,10
DA:57,10
DA:58,2
DA:59,2
DA:60,10
DA:61,7
DA:62,7
DA:63,1
DA:64,1
DA:65,1
DA:66,1
DA:67,12
DA:68,12
DA:69,12
DA:70,2
DA:71,2
DA:72,12
DA:73,9
DA:74,9
DA:75,1
DA:76,1
DA:77,1
DA:78,1
DA:79,1
DA:80,2
DA:81,2
DA:82,2
DA:83,2
DA:84,1
DA:85,1
DA:86,1
DA:87,1
DA:88,1
LF:88
LH:88
BRDA:5,0,0,10
BRDA:6,1,0,10
BRDA:10,2,0,10
BRDA:13,3,0,10
BRDA:14,4,0,1
BRDA:14,5,0,1
BRDA:17,6,0,9
BRDA:18,7,0,54
BRDA:20,8,0,162
BRDA:27,9,0,3
BRDA:33,10,0,6
BRDA:34,11,0,36
BRDA:35,12,0,6
BRDA:37,13,0,30
BRDA:37,14,0,6
BRDA:39,15,0,24
BRDA:39,16,0,6
BRDA:41,17,0,18
BRDA:41,18,0,6
BRDA:43,19,0,12
BRDA:43,20,0,6
BRDA:52,21,0,2
BRDA:53,22,0,1
BRDA:54,23,0,10
BRDA:57,24,0,2
BRDA:59,25,0,8
BRDA:60,26,0,7
BRDA:62,27,0,1
BRDA:66,28,0,12
BRDA:69,29,0,2
BRDA:71,30,0,10
BRDA:72,31,0,9
BRDA:74,32,0,1
BRF:33
BRH:33
end_of_record
