TN:
SF:index.ts
FN:7,<instance_members_initializer>
FN:9,JSONQuery
FN:14,get
FN:17,select
FN:31,limit
FN:37,where
FN:56,orderBy
FN:89,distinct
FN:93,fetchOnly
FN:96,in
FN:100,notIn
FN:104,between
FNF:12
FNH:7
FNDA:10,<instance_members_initializer>
FNDA:10,JSONQuery
FNDA:10,get
FNDA:10,select
FNDA:3,limit
FNDA:6,where
FNDA:2,orderBy
FNDA:0,distinct
FNDA:0,fetchOnly
FNDA:0,in
FNDA:0,notIn
FNDA:0,between
DA:1,1
DA:2,1
DA:3,1
DA:4,1
DA:5,1
DA:6,1
DA:7,1
DA:8,1
DA:9,1
DA:10,10
DA:11,10
DA:12,10
DA:13,1
DA:14,1
DA:15,10
DA:16,10
DA:17,1
DA:18,10
DA:19,1
DA:20,1
DA:21,1
DA:22,9
DA:23,54
DA:24,54
DA:25,162
DA:26,162
DA:27,54
DA:28,9
DA:29,9
DA:30,9
DA:31,1
DA:32,3
DA:33,3
DA:34,3
DA:35,3
DA:36,3
DA:37,1
DA:38,6
DA:39,36
DA:40,6
DA:41,36
DA:42,6
DA:43,30
DA:44,6
DA:45,24
DA:46,6
DA:47,18
DA:48,6
DA:49,6
DA:50,6
DA:51,6
DA:52,36
DA:53,6
DA:54,6
DA:55,6
DA:56,1
DA:57,2
DA:58,1
DA:59,10
DA:60,10
DA:61,10
DA:62,2
DA:63,2
DA:64,10
DA:65,7
DA:66,7
DA:67,1
DA:68,1
DA:69,1
DA:70,1
DA:71,12
DA:72,12
DA:73,12
DA:74,2
DA:75,2
DA:76,12
DA:77,9
DA:78,9
DA:79,1
DA:80,1
DA:81,1
DA:82,1
DA:83,1
DA:84,2
DA:85,2
DA:86,2
DA:87,2
DA:88,1
DA:89,1
DA:90,0
DA:91,0
DA:92,0
DA:93,1
DA:94,0
DA:95,0
DA:96,1
DA:97,0
DA:98,0
DA:99,0
DA:100,1
DA:101,0
DA:102,0
DA:103,0
DA:104,1
DA:105,0
DA:106,0
DA:107,0
DA:108,1
DA:109,1
DA:110,1
DA:111,1
DA:112,1
LF:112
LH:98
BRDA:7,0,0,10
BRDA:9,1,0,10
BRDA:14,2,0,10
BRDA:17,3,0,10
BRDA:18,4,0,1
BRDA:18,5,0,1
BRDA:21,6,0,9
BRDA:22,7,0,54
BRDA:24,8,0,162
BRDA:31,9,0,3
BRDA:37,10,0,6
BRDA:38,11,0,36
BRDA:39,12,0,6
BRDA:41,13,0,30
BRDA:41,14,0,6
BRDA:43,15,0,24
BRDA:43,16,0,6
BRDA:45,17,0,18
BRDA:45,18,0,6
BRDA:47,19,0,12
BRDA:47,20,0,6
BRDA:56,21,0,2
BRDA:57,22,0,1
BRDA:58,23,0,10
BRDA:61,24,0,2
BRDA:63,25,0,8
BRDA:64,26,0,7
BRDA:66,27,0,1
BRDA:70,28,0,12
BRDA:73,29,0,2
BRDA:75,30,0,10
BRDA:76,31,0,9
BRDA:78,32,0,1
BRF:33
BRH:33
end_of_record
TN:
SF:dist/index.js
FN:7,JSONQuery
FN:11,get
FN:14,select
FN:28,limit
FN:34,where
FN:57,orderBy
FN:88,distinct
FN:92,fetchOnly
FN:95,in
FN:99,notIn
FN:103,between
FNF:11
FNH:6
FNDA:10,JSONQuery
FNDA:10,get
FNDA:10,select
FNDA:3,limit
FNDA:6,where
FNDA:2,orderBy
FNDA:0,distinct
FNDA:0,fetchOnly
FNDA:0,in
FNDA:0,notIn
FNDA:0,between
DA:1,1
DA:2,1
DA:3,1
DA:4,1
DA:5,1
DA:6,1
DA:7,1
DA:8,10
DA:9,10
DA:10,10
DA:11,1
DA:12,10
DA:13,10
DA:14,1
DA:15,10
DA:16,1
DA:17,1
DA:18,1
DA:19,9
DA:20,54
DA:21,54
DA:22,162
DA:23,162
DA:24,54
DA:25,9
DA:26,9
DA:27,9
DA:28,1
DA:29,3
DA:30,3
DA:31,3
DA:32,3
DA:33,3
DA:34,1
DA:35,6
DA:36,36
DA:37,6
DA:38,6
DA:39,30
DA:40,6
DA:41,6
DA:42,24
DA:43,6
DA:44,6
DA:45,18
DA:46,6
DA:47,6
DA:48,12
DA:49,6
DA:50,6
DA:51,6
DA:52,6
DA:53,6
DA:54,6
DA:55,6
DA:56,6
DA:57,1
DA:58,2
DA:59,1
DA:60,10
DA:61,10
DA:62,10
DA:63,2
DA:64,2
DA:65,10
DA:66,7
DA:67,7
DA:68,1
DA:69,1
DA:70,1
DA:71,1
DA:72,1
DA:73,12
DA:74,12
DA:75,12
DA:76,2
DA:77,2
DA:78,12
DA:79,9
DA:80,9
DA:81,1
DA:82,1
DA:83,1
DA:84,1
DA:85,2
DA:86,2
DA:87,1
DA:88,1
DA:89,0
DA:90,0
DA:91,0
DA:92,1
DA:93,0
DA:94,0
DA:95,1
DA:96,0
DA:97,0
DA:98,0
DA:99,1
DA:100,0
DA:101,0
DA:102,0
DA:103,1
DA:104,0
DA:105,0
DA:106,0
DA:107,1
DA:108,1
DA:109,1
DA:110,1
DA:111,1
LF:111
LH:97
BRDA:7,0,0,10
BRDA:11,1,0,10
BRDA:14,2,0,10
BRDA:15,3,0,1
BRDA:15,4,0,1
BRDA:18,5,0,9
BRDA:19,6,0,54
BRDA:21,7,0,162
BRDA:28,8,0,3
BRDA:34,9,0,6
BRDA:35,10,0,36
BRDA:36,11,0,6
BRDA:39,12,0,30
BRDA:39,13,0,6
BRDA:42,14,0,24
BRDA:42,15,0,6
BRDA:45,16,0,18
BRDA:45,17,0,6
BRDA:48,18,0,12
BRDA:48,19,0,6
BRDA:57,20,0,2
BRDA:58,21,0,1
BRDA:59,22,0,10
BRDA:62,23,0,2
BRDA:64,24,0,8
BRDA:65,25,0,7
BRDA:67,26,0,1
BRDA:72,27,0,12
BRDA:75,28,0,2
BRDA:77,29,0,10
BRDA:78,30,0,9
BRDA:80,31,0,1
BRF:32
BRH:32
end_of_record
